<?xml version="1.0" encoding="UTF-8"?>
<!-- Generated by org.testng.reporters.JUnitXMLReporter -->
<testsuite ignored="0" hostname="3480-TI14326" failures="0" tests="6" name="Annotation Tests" time="0.09" errors="0" timestamp="2026-04-09T17:40:52 IST">
  <testcase classname="Annotations.dependsOnMethods" name="loginTest" time="0.01"/>
  <testcase classname="Annotations.dependsOnMethods" name="homePageTest" time="0.002"/>
  <testcase classname="Annotations.priority" name="C" time="0.001"/>
  <testcase classname="Annotations.priority" name="B" time="0.002"/>
  <testcase classname="Annotations.priority" name="A" time="0.001"/>
  <testcase classname="Annotations.TestNG_lifecycle" name="attest" time="0.001"/>
</testsuite> <!-- Annotation Tests -->
