<?xml version="1.0" encoding="UTF-8"?>
<testng-results ignored="0" total="1" passed="1" failed="0" skipped="0">
  <reporter-output>
  </reporter-output>
  <suite started-at="2026-04-11T13:35:20 IST" name="Default suite" finished-at="2026-04-11T13:35:28 IST" duration-ms="8251">
    <groups>
    </groups>
    <test started-at="2026-04-11T13:35:20 IST" name="Default test" finished-at="2026-04-11T13:35:28 IST" duration-ms="8251">
      <class name="test.LoginTest">
        <test-method is-config="true" signature="testLogin()[pri:0, instance:test.LoginTest@38d8f54a]" started-at="2026-04-11T13:35:20 IST" name="testLogin" finished-at="2026-04-11T13:35:26 IST" duration-ms="5988" status="PASS">
          <reporter-output>
          </reporter-output>
        </test-method> <!-- testLogin -->
        <test-method signature="testlogin()[pri:0, instance:test.LoginTest@38d8f54a]" started-at="2026-04-11T13:35:26 IST" name="testlogin" finished-at="2026-04-11T13:35:28 IST" duration-ms="2189" status="PASS">
          <reporter-output>
          </reporter-output>
        </test-method> <!-- testlogin -->
      </class> <!-- test.LoginTest -->
    </test> <!-- Default test -->
  </suite> <!-- Default suite -->
</testng-results>
