<?xml version="1.0" encoding="UTF-8"?>
<!-- Generated by org.testng.reporters.JUnitReportReporter -->
<testsuite hostname="3480-TI14326" failures="0" tests="3" name="Annotations.priority" time="0.004" errors="0" timestamp="2026-04-09T17:40:53 IST" skipped="0">
  <testcase classname="Annotations.priority" name="C" time="0.001"/>
  <testcase classname="Annotations.priority" name="B" time="0.002"/>
  <testcase classname="Annotations.priority" name="A" time="0.001"/>
</testsuite> <!-- Annotations.priority -->
